2023/11/06 21:14:52 apiSecret En_yFQLYIpFpDHqKsWTn0u5L1C0
2023/11/06 21:14:52 Contenido subido {0xc0004241b0 <nil>}
2023/11/06 21:14:54 apiSecret En_yFQLYIpFpDHqKsWTn0u5L1C0
2023/11/06 21:14:54 Contenido subido {0xc00062aa80 <nil>}
2023/11/06 21:14:56 Guardando curso en la base de datos...
2023/11/06 21:14:56 Content: { Curso bueno el curso bueno donde no aprenderas nada {GIOVANNI PAOLO GONZALEZ HERRERA https://lh3.googleusercontent.com/a/ACg8ocJUGgLiDNl6wcJrjxAEKDqRO0TofGkXniTHT5X3RWVR=s96-c} https://res.cloudinary.com/ddmhgap5x/video/upload/v1699316094/nvdlp2l824tlngofsvso.jpg  course 2023-11-06 21:14:56.8842217 -0300 -03 m=+122.506341801 2023-11-06 21:14:56.8842217 -0300 -03 m=+122.506341801 [{video bueno 1 alguna descripcion buena https://res.cloudinary.com/ddmhgap5x/video/upload/v1699316094/nvdlp2l824tlngofsvso.jpg https://res.cloudinary.com/ddmhgap5x/video/upload/v1699316094/nvdlp2l824tlngofsvso.mp4 nvdlp2l824tlngofsvso } {turbo turbo habia una vez truz  https://res.cloudinary.com/ddmhgap5x/video/upload/v1699316095/lpdvchl4jp2ffl9dh6pv.jpg https://res.cloudinary.com/ddmhgap5x/video/upload/v1699316095/lpdvchl4jp2ffl9dh6pv.mp4 lpdvchl4jp2ffl9dh6pv }]}
2023/11/06 21:14:56 Insertando datos en la base de datos...
2023/11/06 21:16:27 apiSecret En_yFQLYIpFpDHqKsWTn0u5L1C0
2023/11/06 21:16:28 Archivo de Cloudinary con publicID uvh9sne4azcfxoa88b65 eliminado con éxito.
2023/11/06 21:16:43 apiSecret En_yFQLYIpFpDHqKsWTn0u5L1C0
2023/11/06 21:16:44 Archivo de Cloudinary con publicID a5jz90zj3mgf0mtisxa4 eliminado con éxito.
2023/11/06 21:16:44 apiSecret En_yFQLYIpFpDHqKsWTn0u5L1C0
2023/11/06 21:16:44 Archivo de Cloudinary con publicID weyplkwpsvtjwgfdkk41 eliminado con éxito.
2023/11/06 21:16:49 apiSecret En_yFQLYIpFpDHqKsWTn0u5L1C0
2023/11/06 21:16:49 Archivo de Cloudinary con publicID jutapwexftphvokvllgh eliminado con éxito.
2023/11/06 21:16:55 apiSecret En_yFQLYIpFpDHqKsWTn0u5L1C0
2023/11/06 21:16:55 Archivo de Cloudinary con publicID yxzdvqtaeamrseviq6bl eliminado con éxito.
2023/11/06 21:16:55 apiSecret En_yFQLYIpFpDHqKsWTn0u5L1C0
2023/11/06 21:16:55 Archivo de Cloudinary con publicID p5wytakswru4hexjjgc8 eliminado con éxito.
2023/11/06 21:17:00 apiSecret En_yFQLYIpFpDHqKsWTn0u5L1C0
2023/11/06 21:17:00 Archivo de Cloudinary con publicID naqi3ubxq9mqmvk9h7kk eliminado con éxito.
2023/11/06 21:17:00 apiSecret En_yFQLYIpFpDHqKsWTn0u5L1C0
2023/11/06 21:17:01 Archivo de Cloudinary con publicID wewy93y4wefesewjj6ju eliminado con éxito.
2023/11/06 21:17:09 apiSecret En_yFQLYIpFpDHqKsWTn0u5L1C0
2023/11/06 21:17:09 Archivo de Cloudinary con publicID imaz8zcoirtrg6sffreh eliminado con éxito.
2023/11/06 21:17:09 apiSecret En_yFQLYIpFpDHqKsWTn0u5L1C0
2023/11/06 21:17:10 Archivo de Cloudinary con publicID ou657pvtivjbylofv76e eliminado con éxito.
2023/11/06 21:17:17 apiSecret En_yFQLYIpFpDHqKsWTn0u5L1C0
2023/11/06 21:17:18 Archivo de Cloudinary con publicID xz9mfgu0knyctdelho0j eliminado con éxito.
2023/11/06 21:17:18 apiSecret En_yFQLYIpFpDHqKsWTn0u5L1C0
2023/11/06 21:17:19 Archivo de Cloudinary con publicID br4ijp1e8ckfes5przq5 eliminado con éxito.
2023/11/06 21:18:59 apiSecret En_yFQLYIpFpDHqKsWTn0u5L1C0
2023/11/06 21:18:59 Contenido subido &{0xc000422780}
2023/11/06 21:19:09 apiSecret En_yFQLYIpFpDHqKsWTn0u5L1C0
2023/11/06 21:19:09 Contenido subido {0xc0006f6570 <nil>}
2023/11/06 21:19:11 Guardando curso en la base de datos...
2023/11/06 21:19:11 Content: { prueba 2 prueba 2, descripcion sin ideas {GIOVANNI PAOLO GONZALEZ HERRERA https://lh3.googleusercontent.com/a/ACg8ocJUGgLiDNl6wcJrjxAEKDqRO0TofGkXniTHT5X3RWVR=s96-c} https://res.cloudinary.com/ddmhgap5x/video/upload/v1699316345/nn64qwcpsshyzcmsb8nx.jpg  course 2023-11-06 21:19:11.396337 -0300 -03 m=+377.016090101 2023-11-06 21:19:11.396337 -0300 -03 m=+377.016090101 [{video 1 video 1 desc https://res.cloudinary.com/ddmhgap5x/video/upload/v1699316345/nn64qwcpsshyzcmsb8nx.jpg https://res.cloudinary.com/ddmhgap5x/video/upload/v1699316345/nn64qwcpsshyzcmsb8nx.mp4 nn64qwcpsshyzcmsb8nx } {video 2 video 2 https://res.cloudinary.com/ddmhgap5x/video/upload/v1699316350/ldqzqpljfuvo0k3xb3ad.jpg https://res.cloudinary.com/ddmhgap5x/video/upload/v1699316350/ldqzqpljfuvo0k3xb3ad.mkv ldqzqpljfuvo0k3xb3ad }]}
2023/11/06 21:19:11 Insertando datos en la base de datos...
2023/11/06 21:21:42 objectID ObjectID("65495a104b1e732754364904")
2023/11/06 21:21:42 updatedComments service {{GIOVANNI PAOLO GONZALEZ HERRERA https://lh3.googleusercontent.com/a/ACg8ocJUGgLiDNl6wcJrjxAEKDqRO0TofGkXniTHT5X3RWVR=s96-c} holaaa  0001-01-01 00:00:00 +0000 UTC 0001-01-01 00:00:00 +0000 UTC}
2023/11/06 21:21:42 existingPost: {{65495a104b1e732754364904 Esta es una prueba Comenten pls feed {VALENTINA TERESA JOFRE LADRON DE GUEVARA https://lh3.googleusercontent.com/a/ACg8ocLH9efKEbkZW5T4VVnTpDHL-1xx3iJARNTS-ag--HAm=s96-c} 2023-11-06 21:26:40.039 +0000 UTC 2023-11-06 21:26:40.039 +0000 UTC   }  [{{CRISTOBAL . ALVAREZ PALACIOS https://lh3.googleusercontent.com/a/ACg8ocIulTr2gk5pnFnE2XDg36lXotKLMyqsPlysyy-xq-fl=s96-c} holaaa 2023-11-06 21:27:18.076 +0000 UTC 2023-11-06 21:27:18.076 +0000 UTC}]}
2023/11/06 21:21:42 updatedCommentsModel: []
2023/11/06 21:21:42 existingPost: {{65495a104b1e732754364904 Esta es una prueba Comenten pls feed {VALENTINA TERESA JOFRE LADRON DE GUEVARA https://lh3.googleusercontent.com/a/ACg8ocLH9efKEbkZW5T4VVnTpDHL-1xx3iJARNTS-ag--HAm=s96-c} 2023-11-06 21:26:40.039 +0000 UTC 2023-11-06 21:26:40.039 +0000 UTC   }  [{{CRISTOBAL . ALVAREZ PALACIOS https://lh3.googleusercontent.com/a/ACg8ocIulTr2gk5pnFnE2XDg36lXotKLMyqsPlysyy-xq-fl=s96-c} holaaa 2023-11-06 21:27:18.076 +0000 UTC 2023-11-06 21:27:18.076 +0000 UTC}]}
2023/11/06 21:21:42 por aqui pase
2023/11/06 21:21:42 updatedCommentsModel {{GIOVANNI PAOLO GONZALEZ HERRERA https://lh3.googleusercontent.com/a/ACg8ocJUGgLiDNl6wcJrjxAEKDqRO0TofGkXniTHT5X3RWVR=s96-c} holaaa 2023-11-06 21:21:42.3761727 -0300 -03 m=+527.994521701 2023-11-06 21:21:42.3761727 -0300 -03 m=+527.994521701}
2023/11/07 00:10:37 Guardando curso en la base de datos...
2023/11/07 00:10:37 Content: { asdas asdd {CRISTOBAL . ALVAREZ PALACIOS https://lh3.googleusercontent.com/a/ACg8ocIulTr2gk5pnFnE2XDg36lXotKLMyqsPlysyy-xq-fl=s96-c}   course 2023-11-07 00:10:37.9509911 -0300 -03 m=+10663.543005201 2023-11-07 00:10:37.9509911 -0300 -03 m=+10663.543005201 []}
2023/11/07 00:10:37 Insertando datos en la base de datos...
